<?xml version="1.0" encoding="UTF-8"?>
<testng-results ignored="0" total="1" passed="1" failed="0" skipped="0">
  <reporter-output>
  </reporter-output>
  <suite started-at="2026-04-27T18:42:09 IST" name="LoginSuite" finished-at="2026-04-27T18:42:31 IST" duration-ms="21937">
    <groups>
    </groups>
    <test started-at="2026-04-27T18:42:09 IST" name="LoginTests" finished-at="2026-04-27T18:42:31 IST" duration-ms="21937">
      <class name="tests.LoginTest">
        <test-method is-config="true" signature="setUp()[pri:0, instance:tests.LoginTest@5158b42f]" started-at="2026-04-27T18:42:09 IST" name="setUp" finished-at="2026-04-27T18:42:29 IST" duration-ms="20213" status="PASS">
          <reporter-output>
          </reporter-output>
        </test-method> <!-- setUp -->
        <test-method signature="testValidation()[pri:0, instance:tests.LoginTest@5158b42f]" started-at="2026-04-27T18:42:29 IST" name="testValidation" finished-at="2026-04-27T18:42:31 IST" duration-ms="1680" status="PASS">
          <reporter-output>
          </reporter-output>
        </test-method> <!-- testValidation -->
        <test-method is-config="true" signature="tearDown()[pri:0, instance:tests.LoginTest@5158b42f]" started-at="2026-04-27T18:42:31 IST" name="tearDown" finished-at="2026-04-27T18:42:31 IST" duration-ms="1" status="PASS">
          <reporter-output>
          </reporter-output>
        </test-method> <!-- tearDown -->
      </class> <!-- tests.LoginTest -->
    </test> <!-- LoginTests -->
  </suite> <!-- LoginSuite -->
</testng-results>
